<?xml version="1.0" encoding="UTF-8"?>
<testng-results skipped="0" failed="0" ignored="0" total="1" passed="1">
  <reporter-output>
  </reporter-output>
  <suite name="Default suite" duration-ms="30359" started-at="2023-05-11T10:27:24 IST" finished-at="2023-05-11T10:27:54 IST">
    <groups>
    </groups>
    <test name="Default test" duration-ms="30359" started-at="2023-05-11T10:27:24 IST" finished-at="2023-05-11T10:27:54 IST">
      <class name="testrunner.TestParallel">
        <test-method status="PASS" signature="testParallel()[pri:0, instance:testrunner.TestParallel@58c1670b]" name="testParallel" duration-ms="30287" started-at="2023-05-11T10:27:24 IST" finished-at="2023-05-11T10:27:54 IST">
          <reporter-output>
          </reporter-output>
        </test-method> <!-- testParallel -->
      </class> <!-- testrunner.TestParallel -->
    </test> <!-- Default test -->
  </suite> <!-- Default suite -->
</testng-results>
